[    0.000000] Linux version 4.15.0-212-generic (buildd@lcy02-amd64-083) (gcc version 7.5.0 (Ubuntu 7.5.0-3ubuntu1~18.04)) #223-Ubuntu SMP Tue May 23 13:09:22 UTC 2023 (Ubuntu 4.15.0-212.223-generic 4.15.18)
[    0.000000] Command line: BOOT_IMAGE=/boot/vmlinuz-4.15.0-212-generic root=LABEL=cloudimg-rootfs ro console=tty1 console=ttyS0
[    0.000000] KERNEL supported cpus:
[    0.000000]   Intel GenuineIntel
[    0.000000]   AMD AuthenticAMD
[    0.000000]   Centaur CentaurHauls
[    0.000000] x86/fpu: x87 FPU will use FXSAVE
[    0.000000] e820: BIOS-provided physical RAM map:
[    0.000000] BIOS-e820: [mem 0x0000000000000000-0x000000000009fbff] usable
[    0.000000] BIOS-e820: [mem 0x000000000009fc00-0x000000000009ffff] reserved
[    0.000000] BIOS-e820: [mem 0x00000000000f0000-0x00000000000fffff] reserved
[    0.000000] BIOS-e820: [mem 0x0000000000100000-0x000000003ffeffff] usable
[    0.000000] BIOS-e820: [mem 0x000000003fff0000-0x000000003fffffff] ACPI data
[    0.000000] BIOS-e820: [mem 0x00000000fec00000-0x00000000fec00fff] reserved
[    0.000000] BIOS-e820: [mem 0x00000000fee00000-0x00000000fee00fff] reserved
[    0.000000] BIOS-e820: [mem 0x00000000fffc0000-0x00000000ffffffff] reserved
[    0.000000] NX (Execute Disable) protection: active
[    0.000000] SMBIOS 2.5 present.
[    0.000000] DMI: innotek GmbH VirtualBox/VirtualBox, BIOS VirtualBox 12/01/2006
[    0.000000] Hypervisor detected: KVM
[    0.000000] e820: last_pfn = 0x3fff0 max_arch_pfn = 0x400000000
[    0.000000] MTRR: Disabled
[    0.000000] x86/PAT: MTRRs disabled, skipping PAT initialization too.
[    0.000000] CPU MTRRs all blank - virtualized system.
[    0.000000] x86/PAT: Configuration [0-7]: WB  WT  UC- UC  WB  WT  UC- UC  
[    0.000000] found SMP MP-table at [mem 0x0009fff0-0x0009ffff]
[    0.000000] Scanning 1 areas for low memory corruption
[    0.000000] RAMDISK: [mem 0x359cb000-0x36cdcfff]
[    0.000000] ACPI: Early table checksum verification disabled
[    0.000000] ACPI: RSDP 0x00000000000E0000 000024 (v02 VBOX  )
[    0.000000] ACPI: XSDT 0x000000003FFF0030 00003C (v01 VBOX   VBOXXSDT 00000001 ASL  00000061)
[    0.000000] ACPI: FACP 0x000000003FFF00F0 0000F4 (v04 VBOX   VBOXFACP 00000001 ASL  00000061)
[    0.000000] ACPI: DSDT 0x000000003FFF0610 002353 (v02 VBOX   VBOXBIOS 00000002 INTL 20100528)
[    0.000000] ACPI: FACS 0x000000003FFF0200 000040
[    0.000000] ACPI: FACS 0x000000003FFF0200 000040
[    0.000000] ACPI: APIC 0x000000003FFF0240 00005C (v02 VBOX   VBOXAPIC 00000001 ASL  00000061)
[    0.000000] ACPI: SSDT 0x000000003FFF02A0 00036C (v01 VBOX   VBOXCPUT 00000002 INTL 20100528)
[    0.000000] ACPI: Reserving FACP table memory at [mem 0x3fff00f0-0x3fff01e3]
[    0.000000] ACPI: Reserving DSDT table memory at [mem 0x3fff0610-0x3fff2962]
[    0.000000] ACPI: Reserving FACS table memory at [mem 0x3fff0200-0x3fff023f]
[    0.000000] ACPI: Reserving FACS table memory at [mem 0x3fff0200-0x3fff023f]
[    0.000000] ACPI: Reserving APIC table memory at [mem 0x3fff0240-0x3fff029b]
[    0.000000] ACPI: Reserving SSDT table memory at [mem 0x3fff02a0-0x3fff060b]
[    0.000000] No NUMA configuration found
[    0.000000] Faking a node at [mem 0x0000000000000000-0x000000003ffeffff]
[    0.000000] NODE_DATA(0) allocated [mem 0x3ffc5000-0x3ffeffff]
[    0.000000] kvm-clock: cpu 0, msr 0:3ff44001, primary cpu clock
[    0.000000] kvm-clock: Using msrs 4b564d01 and 4b564d00
[    0.000000] kvm-clock: using sched offset of 3680557717 cycles
[    0.000000] clocksource: kvm-clock: mask: 0xffffffffffffffff max_cycles: 0x1cd42e4dffb, max_idle_ns: 881590591483 ns
[    0.000000] Zone ranges:
[    0.000000]   DMA      [mem 0x0000000000001000-0x0000000000ffffff]
[    0.000000]   DMA32    [mem 0x0000000001000000-0x000000003ffeffff]
[    0.000000]   Normal   empty
[    0.000000]   Device   empty
[    0.000000] Movable zone start for each node
[    0.000000] Early memory node ranges
[    0.000000]   node   0: [mem 0x0000000000001000-0x000000000009efff]
[    0.000000]   node   0: [mem 0x0000000000100000-0x000000003ffeffff]
[    0.000000] Reserved but unavailable: 104 pages
[    0.000000] Initmem setup node 0 [mem 0x0000000000001000-0x000000003ffeffff]
[    0.000000] ACPI: PM-Timer IO Port: 0x4008
[    0.000000] IOAPIC[0]: apic_id 2, version 32, address 0xfec00000, GSI 0-23
[    0.000000] ACPI: INT_SRC_OVR (bus 0 bus_irq 0 global_irq 2 dfl dfl)
[    0.000000] ACPI: INT_SRC_OVR (bus 0 bus_irq 9 global_irq 9 low level)
[    0.000000] Using ACPI (MADT) for SMP configuration information
[    0.000000] smpboot: Allowing 2 CPUs, 0 hotplug CPUs
[    0.000000] PM: Registered nosave memory: [mem 0x00000000-0x00000fff]
[    0.000000] PM: Registered nosave memory: [mem 0x0009f000-0x0009ffff]
[    0.000000] PM: Registered nosave memory: [mem 0x000a0000-0x000effff]
[    0.000000] PM: Registered nosave memory: [mem 0x000f0000-0x000fffff]
[    0.000000] e820: [mem 0x40000000-0xfebfffff] available for PCI devices
[    0.000000] Booting paravirtualized kernel on KVM
[    0.000000] clocksource: refined-jiffies: mask: 0xffffffff max_cycles: 0xffffffff, max_idle_ns: 7645519600211568 ns
[    0.000000] setup_percpu: NR_CPUS:8192 nr_cpumask_bits:2 nr_cpu_ids:2 nr_node_ids:1
[    0.000000] percpu: Embedded 50 pages/cpu s167936 r8192 d28672 u1048576
[    0.000000] PV qspinlock hash table entries: 256 (order: 0, 4096 bytes)
[    0.000000] Built 1 zonelists, mobility grouping on.  Total pages: 257913
[    0.000000] Policy zone: DMA32
[    0.000000] Kernel command line: BOOT_IMAGE=/boot/vmlinuz-4.15.0-212-generic root=LABEL=cloudimg-rootfs ro console=tty1 console=ttyS0
[    0.000000] Memory: 982644K/1048120K available (12300K kernel code, 2477K rwdata, 4324K rodata, 2480K init, 2720K bss, 65476K reserved, 0K cma-reserved)
[    0.000000] SLUB: HWalign=64, Order=0-3, MinObjects=0, CPUs=2, Nodes=1
[    0.000000] ftrace: allocating 39508 entries in 155 pages
[    0.004000] Hierarchical RCU implementation.
[    0.004000] 	RCU restricting CPUs from NR_CPUS=8192 to nr_cpu_ids=2.
[    0.004000] 	Tasks RCU enabled.
[    0.004000] RCU: Adjusting geometry for rcu_fanout_leaf=16, nr_cpu_ids=2
[    0.004000] NR_IRQS: 524544, nr_irqs: 440, preallocated irqs: 16
[    0.004000] random: crng init done
[    0.004000] Console: colour VGA+ 80x25
[    0.004000] console [tty1] enabled
[    0.004000] console [ttyS0] enabled
[    0.004000] ACPI: Core revision 20170831
[    0.004000] ACPI: 2 ACPI AML tables successfully acquired and loaded
[    0.004000] APIC: Switch to symmetric I/O mode setup
[    0.004000] ..TIMER: vector=0x30 apic1=0 pin1=2 apic2=-1 pin2=-1
[    0.004005] tsc: Detected 2112.006 MHz processor
[    0.008009] Calibrating delay loop (skipped) preset value.. 4224.01 BogoMIPS (lpj=8448024)
[    0.012004] pid_max: default: 32768 minimum: 301
[    0.016074] Security Framework initialized
[    0.020003] Yama: becoming mindful.
[    0.024102] AppArmor: AppArmor initialized
[    0.033862] Dentry cache hash table entries: 131072 (order: 8, 1048576 bytes)
[    0.037878] Inode-cache hash table entries: 65536 (order: 7, 524288 bytes)
[    0.040070] Mount-cache hash table entries: 2048 (order: 2, 16384 bytes)
[    0.044073] Mountpoint-cache hash table entries: 2048 (order: 2, 16384 bytes)
[    0.052845] Last level iTLB entries: 4KB 64, 2MB 8, 4MB 8
[    0.056003] Last level dTLB entries: 4KB 64, 2MB 0, 4MB 0, 1GB 4
[    0.060004] Spectre V1 : Mitigation: usercopy/swapgs barriers and __user pointer sanitization
[    0.064005] Spectre V2 : Mitigation: Enhanced IBRS
[    0.068002] Spectre V2 : Spectre v2 / SpectreRSB mitigation: Filling RSB on context switch
[    0.072002] Spectre V2 : Spectre v2 / PBRSB-eIBRS: Retire a single CALL on VMEXIT
[    0.076003] RETBleed: Mitigation: Enhanced IBRS
[    0.080003] Speculative Store Bypass: Vulnerable
[    0.084057] MMIO Stale Data: Vulnerable: Clear CPU buffers attempted, no microcode
[    0.088004] SRBDS: Unknown: Dependent on hypervisor status
[    0.092176] Freeing SMP alternatives memory: 36K
[    0.210243] APIC calibration not consistent with PM-Timer: 101ms instead of 100ms
[    0.212000] APIC delta adjusted to PM-Timer: 6279415 (6379460)
[    0.212328] smpboot: CPU0: Intel(R) Core(TM) i5-10210U CPU @ 1.60GHz (family: 0x6, model: 0x8e, stepping: 0xc)
[    0.216503] Performance Events: unsupported p6 CPU model 142 no PMU driver, software events only.
[    0.220109] Hierarchical SRCU implementation.
[    0.228218] NMI watchdog: Perf event create on CPU 0 failed with -2
[    0.232002] NMI watchdog: Perf NMI watchdog permanently disabled
[    0.236301] smp: Bringing up secondary CPUs ...
[    0.240854] x86: Booting SMP configuration:
[    0.244003] .... node  #0, CPUs:      #1
[    0.004000] kvm-clock: cpu 1, msr 0:3ff44041, secondary cpu clock
[    0.260000] TSC synchronization [CPU#0 -> CPU#1]:
[    0.260000] Measured 52086 cycles TSC warp between CPUs, turning off TSC clock.
[    0.260000] tsc: Marking TSC unstable due to check_tsc_sync_source failed
[    0.260319] smp: Brought up 1 node, 2 CPUs
[    0.264013] smpboot: Max logical packages: 1
[    0.268004] smpboot: Total of 2 processors activated (8448.02 BogoMIPS)
[    0.272541] devtmpfs: initialized
[    0.276105] x86/mm: Memory block size: 128MB
[    0.280399] evm: security.selinux
[    0.284004] evm: security.SMACK64
[    0.288002] evm: security.SMACK64EXEC
[    0.292002] evm: security.SMACK64TRANSMUTE
[    0.295697] evm: security.SMACK64MMAP
[    0.296002] evm: security.apparmor
[    0.300002] evm: security.ima
[    0.304002] evm: security.capability
[    0.308477] clocksource: jiffies: mask: 0xffffffff max_cycles: 0xffffffff, max_idle_ns: 7645041785100000 ns
[    0.312009] futex hash table entries: 512 (order: 3, 32768 bytes)
[    0.316193] pinctrl core: initialized pinctrl subsystem
[    0.324234] RTC time: 17:15:35, date: 11/21/23
[    0.328779] NET: Registered protocol family 16
[    0.332119] audit: initializing netlink subsys (disabled)
[    0.336196] audit: type=2000 audit(1700586940.595:1): state=initialized audit_enabled=0 res=1
[    0.348007] cpuidle: using governor ladder
[    0.352009] cpuidle: using governor menu
[    0.356068] ACPI: bus type PCI registered
[    0.360003] acpiphp: ACPI Hot Plug PCI Controller Driver version: 0.5
[    0.368003] PCI: Using configuration type 1 for base access
[    0.376366] HugeTLB registered 2.00 MiB page size, pre-allocated 0 pages
[    0.388239] ACPI: Added _OSI(Module Device)
[    0.392140] ACPI: Added _OSI(Processor Device)
[    0.396003] ACPI: Added _OSI(3.0 _SCP Extensions)
[    0.400003] ACPI: Added _OSI(Processor Aggregator Device)
[    0.404004] ACPI: Added _OSI(Linux-Dell-Video)
[    0.408003] ACPI: Added _OSI(Linux-Lenovo-NV-HDMI-Audio)
[    0.412004] ACPI: Added _OSI(Linux-HPI-Hybrid-Graphics)
[    0.420194] ACPI: Executed 1 blocks of module-level executable AML code
[    0.431478] ACPI: Interpreter enabled
[    0.432015] ACPI: (supports S0 S5)
[    0.436003] ACPI: Using IOAPIC for interrupt routing
[    0.440438] PCI: Using host bridge windows from ACPI; if necessary, use "pci=nocrs" and report a bug
[    0.444296] ACPI: Enabled 2 GPEs in block 00 to 07
[    0.462450] ACPI: PCI Root Bridge [PCI0] (domain 0000 [bus 00-ff])
[    0.464008] acpi PNP0A03:00: _OSC: OS supports [ASPM ClockPM Segments MSI]
[    0.468902] acpi PNP0A03:00: _OSC: not requesting OS control; OS requires [ExtendedConfig ASPM ClockPM MSI]
[    0.472017] acpi PNP0A03:00: fail to add MMCONFIG information, can't access extended PCI configuration space under this bridge.
[    0.476874] PCI host bridge to bus 0000:00
[    0.480004] pci_bus 0000:00: root bus resource [io  0x0000-0x0cf7 window]
[    0.484005] pci_bus 0000:00: root bus resource [io  0x0d00-0xffff window]
[    0.488004] pci_bus 0000:00: root bus resource [mem 0x000a0000-0x000bffff window]
[    0.492006] pci_bus 0000:00: root bus resource [mem 0x40000000-0xfdffffff window]
[    0.496005] pci_bus 0000:00: root bus resource [bus 00-ff]
[    0.510703] pci 0000:00:01.1: legacy IDE quirk: reg 0x10: [io  0x01f0-0x01f7]
[    0.512005] pci 0000:00:01.1: legacy IDE quirk: reg 0x14: [io  0x03f6]
[    0.516009] pci 0000:00:01.1: legacy IDE quirk: reg 0x18: [io  0x0170-0x0177]
[    0.520007] pci 0000:00:01.1: legacy IDE quirk: reg 0x1c: [io  0x0376]
[    0.548616] pci 0000:00:07.0: quirk: [io  0x4000-0x403f] claimed by PIIX4 ACPI
[    0.552038] pci 0000:00:07.0: quirk: [io  0x4100-0x410f] claimed by PIIX4 SMB
[    0.565020] ACPI: PCI Interrupt Link [LNKA] (IRQs 5 9 10 *11)
[    0.568554] ACPI: PCI Interrupt Link [LNKB] (IRQs 5 9 *10 11)
[    0.572235] ACPI: PCI Interrupt Link [LNKC] (IRQs 5 *9 10 11)
[    0.576225] ACPI: PCI Interrupt Link [LNKD] (IRQs 5 9 10 *11)
[    0.580823] SCSI subsystem initialized
[    0.588128] pci 0000:00:02.0: vgaarb: setting as boot VGA device
[    0.592000] pci 0000:00:02.0: vgaarb: VGA device added: decodes=io+mem,owns=io+mem,locks=none
[    0.592005] pci 0000:00:02.0: vgaarb: bridge control possible
[    0.596003] vgaarb: loaded
[    0.600076] ACPI: bus type USB registered
[    0.603594] usbcore: registered new interface driver usbfs
[    0.604035] usbcore: registered new interface driver hub
[    0.608012] usbcore: registered new device driver usb
[    0.612245] EDAC MC: Ver: 3.0.0
[    0.620214] PCI: Using ACPI for IRQ routing
[    0.624760] NetLabel: Initializing
[    0.628003] NetLabel:  domain hash size = 128
[    0.632002] NetLabel:  protocols = UNLABELED CIPSOv4 CALIPSO
[    0.636018] NetLabel:  unlabeled traffic allowed by default
[    0.640387] clocksource: Switched to clocksource kvm-clock
[    0.649229] VFS: Disk quotas dquot_6.6.0
[    0.649229] VFS: Dquot-cache hash table entries: 512 (order 0, 4096 bytes)
[    0.649229] AppArmor: AppArmor Filesystem Enabled
[    0.649229] pnp: PnP ACPI init
[    0.649229] pnp: PnP ACPI: found 3 devices
[    0.752281] clocksource: acpi_pm: mask: 0xffffff max_cycles: 0xffffff, max_idle_ns: 2085701024 ns
[    0.756223] NET: Registered protocol family 2
[    0.756223] IP idents hash table entries: 16384 (order: 5, 131072 bytes)
[    0.772228] TCP established hash table entries: 8192 (order: 4, 65536 bytes)
[    0.778595] TCP bind hash table entries: 8192 (order: 5, 131072 bytes)
[    0.782309] TCP: Hash tables configured (established 8192 bind 8192)
[    0.782309] UDP hash table entries: 512 (order: 2, 16384 bytes)
[    0.782309] UDP-Lite hash table entries: 512 (order: 2, 16384 bytes)
[    0.782309] NET: Registered protocol family 1
[    0.782309] pci 0000:00:00.0: Limiting direct PCI/PCI transfers
[    0.782309] pci 0000:00:01.0: Activating ISA DMA hang workarounds
[    0.782309] pci 0000:00:02.0: Video device with shadowed ROM at [mem 0x000c0000-0x000dffff]
[    0.782309] Unpacking initramfs...
[    1.298319] Freeing initrd memory: 19528K
[    1.302871] clocksource: tsc: mask: 0xffffffffffffffff max_cycles: 0x1e717e40680, max_idle_ns: 440795297614 ns
[    1.311803] platform rtc_cmos: registered platform RTC device (no PNP device found)
[    1.318476] Scanning for low memory corruption every 60 seconds
[    1.325589] Initialise system trusted keyrings
[    1.329594] Key type blacklist registered
[    1.333840] workingset: timestamp_bits=36 max_order=18 bucket_order=0
[    1.342139] zbud: loaded
[    1.345948] squashfs: version 4.0 (2009/01/31) Phillip Lougher
[    1.352548] fuse init (API version 7.26)
[    1.397797] Key type asymmetric registered
[    1.402943] Asymmetric key parser 'x509' registered
[    1.408144] Block layer SCSI generic (bsg) driver version 0.4 loaded (major 246)
[    1.416431] io scheduler noop registered
[    1.421033] io scheduler deadline registered
[    1.425536] io scheduler cfq registered (default)
[    1.431745] ACPI: AC Adapter [AC] (on-line)
[    1.436327] input: Power Button as /devices/LNXSYSTM:00/LNXPWRBN:00/input/input0
[    1.444377] ACPI: Power Button [PWRF]
[    1.447808] input: Sleep Button as /devices/LNXSYSTM:00/LNXSLPBN:00/input/input1
[    1.454477] ACPI: Sleep Button [SLPF]
[    1.461816] Serial: 8250/16550 driver, 32 ports, IRQ sharing enabled
[    1.465176] ACPI: Battery Slot [BAT0] (battery present)
[    1.505717] 00:02: ttyS0 at I/O 0x3f8 (irq = 4, base_baud = 115200) is a 16550A
[    1.515454] Linux agpgart interface v0.103
[    1.524964] loop: module loaded
[    1.531877] scsi host0: ata_piix
[    1.536882] scsi host1: ata_piix
[    1.541051] ata1: PATA max UDMA/33 cmd 0x1f0 ctl 0x3f6 bmdma 0xd000 irq 14
[    1.549037] ata2: PATA max UDMA/33 cmd 0x170 ctl 0x376 bmdma 0xd008 irq 15
[    1.557088] tun: Universal TUN/TAP device driver, 1.6
[    1.562908] PPP generic driver version 2.4.2
[    1.567558] ehci_hcd: USB 2.0 'Enhanced' Host Controller (EHCI) Driver
[    1.574351] ehci-pci: EHCI PCI platform driver
[    1.579326] ehci-platform: EHCI generic platform driver
[    1.584986] ohci_hcd: USB 1.1 'Open' Host Controller (OHCI) Driver
[    1.592092] ohci-pci: OHCI PCI platform driver
[    1.597098] ohci-platform: OHCI generic platform driver
[    1.603355] uhci_hcd: USB Universal Host Controller Interface driver
[    1.610181] i8042: PNP: PS/2 Controller [PNP0303:PS2K,PNP0f03:PS2M] at 0x60,0x64 irq 1,12
[    1.622669] serio: i8042 KBD port at 0x60,0x64 irq 1
[    1.627426] serio: i8042 AUX port at 0x60,0x64 irq 12
[    1.632781] mousedev: PS/2 mouse device common for all mice
[    1.639724] input: AT Translated Set 2 keyboard as /devices/platform/i8042/serio0/input/input2
[    1.650668] rtc_cmos rtc_cmos: rtc core: registered rtc_cmos as rtc0
[    1.657204] rtc_cmos rtc_cmos: alarms up to one day, 114 bytes nvram
[    1.663134] i2c /dev entries driver
[    1.666141] device-mapper: uevent: version 1.0.3
[    1.670269] device-mapper: ioctl: 4.37.0-ioctl (2017-09-20) initialised: dm-devel@redhat.com
[    1.677302] ledtrig-cpu: registered to indicate activity on CPUs
[    1.685573] NET: Registered protocol family 10
[    1.700910] Segment Routing with IPv6
[    1.705512] NET: Registered protocol family 17
[    1.712382] Key type dns_resolver registered
[    1.789004] mce: Using 0 MCE banks
[    1.793104] RAS: Correctable Errors collector initialized.
[    1.798349] sched_clock: Marking stable (1798287151, 0)->(2570853238, -772566087)
[    1.809132] registered taskstats version 1
[    1.814049] Loading compiled-in X.509 certificates
[    1.825522] Loaded X.509 cert 'Build time autogenerated kernel key: b5b26778eaa3ab3a4a6cee031137706e947d12ad'
[    1.835504] Loaded X.509 cert 'Canonical Ltd. Live Patch Signing: 14df34d1a87cf37625abec039ef2bf521249b969'
[    1.844960] Loaded X.509 cert 'Canonical Ltd. Kernel Module Signing: 88f752e560a1e0737e31163a466ad7b70a850c19'
[    1.853324] blacklist: Loading compiled-in revocation X.509 certificates
[    1.859292] Loaded X.509 cert 'Canonical Ltd. Secure Boot Signing: 61482aa2830d0ab2ad5af10b7250da9033ddcef0'
[    1.867738] Loaded X.509 cert 'Canonical Ltd. Secure Boot Signing (2017): 242ade75ac4a15e50d50c84b0d45ff3eae707a03'
[    1.876720] Loaded X.509 cert 'Canonical Ltd. Secure Boot Signing (ESM 2018): 365188c1d374d6b07c3c8f240f8ef722433d6a8b'
[    1.885986] Loaded X.509 cert 'Canonical Ltd. Secure Boot Signing (2019): c0746fd6c5da3ae827864651ad66ae47fe24b3e8'
[    1.895237] Loaded X.509 cert 'Canonical Ltd. Secure Boot Signing (2021 v1): a8d54bbb3825cfb94fa13c9f8a594a195c107b8d'
[    1.904887] Loaded X.509 cert 'Canonical Ltd. Secure Boot Signing (2021 v2): 4cf046892d6fd3c9a5b03f98d845f90851dc6a8c'
[    1.913947] Loaded X.509 cert 'Canonical Ltd. Secure Boot Signing (2021 v3): 100437bb6de6e469b581e61cd66bce3ef4ed53af'
[    1.924116] Loaded X.509 cert 'Canonical Ltd. Secure Boot Signing (Ubuntu Core 2019): c1d57b8f6b743f23ee41f4f7ee292f06eecadfb9'
[    1.933980] zswap: loaded using pool lzo/zbud
[    1.950901] Key type big_key registered
[    1.954971] Key type trusted registered
[    1.962931] Key type encrypted registered
[    1.967263] AppArmor: AppArmor sha1 policy hashing enabled
[    1.972430] ima: No TPM chip found, activating TPM-bypass! (rc=-19)
[    1.978145] ima: Allocated hash algorithm: sha1
[    1.982571] evm: HMAC attrs: 0x1
[    1.986220]   Magic number: 15:133:290
[    1.990065] tty tty23: hash matches
[    1.993960] rtc_cmos rtc_cmos: setting system clock to 2023-11-21 17:15:37 UTC (1700586937)
[    2.001741] BIOS EDD facility v0.16 2004-Jun-25, 0 devices found
[    2.007109] EDD information not available.
[    2.014930] Freeing unused kernel image memory: 2480K
[    2.032432] Write protecting the kernel read-only data: 20480k
[    2.039938] Freeing unused kernel image memory: 2008K
[    2.045549] Freeing unused kernel image memory: 1820K
[    2.058090] x86/mm: Checked W+X mappings: passed, no W+X pages found.
Loading, please wait...
starting version 237
[    2.222209] Fusion MPT base driver 3.04.20
[    2.228325] Copyright (c) 1999-2008 LSI Corporation
[    2.235365] e1000: Intel(R) PRO/1000 Network Driver - version 7.3.21-k8-NAPI
[    2.241547] e1000: Copyright (c) 1999-2006 Intel Corporation.
[    2.301385] SSE version of gcm_enc/dec engaged.
[    2.310874] Fusion MPT SPI Host driver 3.04.20
[    2.533894] input: ImExPS/2 Generic Explorer Mouse as /devices/platform/i8042/serio1/input/input4
[    3.413835] e1000 0000:00:03.0 eth0: (PCI:33MHz:32-bit) 02:3b:7b:b7:3b:2d
[    3.418660] e1000 0000:00:03.0 eth0: Intel(R) PRO/1000 Network Connection
[    3.426029] mptbase: ioc0: Initiating bringup
[    3.431130] e1000 0000:00:03.0 enp0s3: renamed from eth0
[    4.003579] ioc0: LSI53C1030 A0: Capabilities={Initiator}
[    6.386479] scsi host2: ioc0: LSI53C1030 A0, FwRev=00000000h, Ports=1, MaxQ=256, IRQ=20
[    6.753578] scsi 2:0:0:0: Direct-Access     VBOX     HARDDISK         1.0  PQ: 0 ANSI: 5
[    6.796723] scsi target2:0:0: Beginning Domain Validation
[    6.808084] scsi target2:0:0: Domain Validation skipping write tests
[    6.813721] scsi target2:0:0: Ending Domain Validation
[    6.818383] scsi target2:0:0: asynchronous
[    6.824489] scsi 2:0:1:0: Direct-Access     VBOX     HARDDISK         1.0  PQ: 0 ANSI: 5
[    6.860170] scsi target2:0:1: Beginning Domain Validation
[    6.875785] scsi target2:0:1: Domain Validation skipping write tests
[    6.882303] scsi target2:0:1: Ending Domain Validation
[    6.887588] scsi target2:0:1: asynchronous
[    6.907420] sd 2:0:0:0: Attached scsi generic sg0 type 0
[    6.913652] sd 2:0:1:0: Attached scsi generic sg1 type 0
[    6.915261] sd 2:0:1:0: [sdb] 20480 512-byte logical blocks: (10.5 MB/10.0 MiB)
[    6.927482] sd 2:0:0:0: [sda] 83886080 512-byte logical blocks: (42.9 GB/40.0 GiB)
[    6.927995] sd 2:0:1:0: [sdb] Write Protect is off
[    6.939766] sd 2:0:0:0: [sda] Write Protect is off
[    6.940478] sd 2:0:1:0: [sdb] Incomplete mode parameter data
[    6.949883] sd 2:0:1:0: [sdb] Assuming drive cache: write through
[    6.956466] sd 2:0:0:0: [sda] Incomplete mode parameter data
[    6.962232] sd 2:0:0:0: [sda] Assuming drive cache: write through
[    6.973664]  sda: sda1
[    6.977094] sd 2:0:1:0: [sdb] Attached SCSI disk
[    6.985361] sd 2:0:0:0: [sda] Attached SCSI disk
Begin: Loading essential drivers ... [    9.501047] raid6: sse2x1   gen()  3785 MB/s
[    9.552738] raid6: sse2x1   xor()  2785 MB/s
[    9.628076] raid6: sse2x2   gen()  5024 MB/s
[    9.681043] raid6: sse2x2   xor()  3966 MB/s
[    9.733049] raid6: sse2x4   gen()  8745 MB/s
[    9.784128] raid6: sse2x4   xor()  7275 MB/s
[    9.789528] raid6: using algorithm sse2x4 gen() 8745 MB/s
[    9.795905] raid6: .... xor() 7275 MB/s, rmw enabled
[    9.802192] raid6: using ssse3x2 recovery algorithm
[    9.810428] xor: measuring software checksum speed
[    9.852481]    prefetch64-sse: 18408.000 MB/sec
[    9.896182]    generic_sse: 16822.000 MB/sec
[    9.900170] xor: using function: prefetch64-sse (18408.000 MB/sec)
[    9.909171] async_tx: api initialized (async)
done.
Begin: Running /scripts/init-premount ... done.
Begin: Mounting root file system ... Begin: Running /scripts/local-top ... done.
Begin: Running /scripts/local-premount ... [    9.990322] Btrfs loaded, crc32c=crc32c-intel
Scanning for Btrfs filesystems
done.
Warning: fsck not present, so skipping root file system
[   10.054831] EXT4-fs (sda1): mounted filesystem with ordered data mode. Opts: (null)
done.
Begin: Running /scripts/local-bottom ... done.
Begin: Running /scripts/init-bottom ... done.
[   10.298810] ip_tables: (C) 2000-2006 Netfilter Core Team
[   10.316936] systemd[1]: systemd 237 running in system mode. (+PAM +AUDIT +SELINUX +IMA +APPARMOR +SMACK +SYSVINIT +UTMP +LIBCRYPTSETUP +GCRYPT +GNUTLS +ACL +XZ +LZ4 +SECCOMP +BLKID +ELFUTILS +KMOD -IDN2 +IDN -PCRE2 default-hierarchy=hybrid)
[   10.334140] systemd[1]: Detected virtualization oracle.
[   10.339171] systemd[1]: Detected architecture x86-64.

Welcome to [1mUbuntu 18.04.6 LTS[0m!

[   10.380421] systemd[1]: Set hostname to <ubuntu>.
[   10.392332] systemd[1]: Initializing machine ID from random generator.
[   10.398265] systemd[1]: Installed transient /etc/machine-id file.
[   10.760507] systemd[1]: Reached target Swap.
[[0;32m  OK  [0m] Reached target Swap.
[   10.765883] systemd[1]: Started Forward Password Requests to Wall Directory Watch.
[[0;32m  OK  [0m] Started Forward Password Requests to Wall Directory Watch.
[   10.788779] systemd[1]: Created slice User and Session Slice.
[[0;32m  OK  [0m] Created slice User and Session Slice.
[   10.797245] systemd[1]: Created slice System Slice.
[[0;32m  OK  [0m] Created slice System Slice.
[[0;32m  OK  [0m] Listening on LVM2 poll daemon socket.
[[0;32m  OK  [0m] Created slice system-serial\x2dgetty.slice.
[[0;32m  OK  [0m] Listening on Journal Audit Socket.
[[0;32m  OK  [0m] Listening on Journal Socket (/dev/log).
[[0;32m  OK  [0m] Listening on fsck to fsckd communication Socket.
[[0;32m  OK  [0m] Reached target Slices.
[[0;32m  OK  [0m] Listening on udev Control Socket.
[[0;32m  OK  [0m] Listening on LVM2 metadata daemon socket.
[[0;32m  OK  [0m] Listening on /dev/initctl Compatibility Named Pipe.
[[0;32m  OK  [0m] Listening on Syslog Socket.
[[0;32m  OK  [0m] Listening on Journal Socket.
         Mounting Kernel Debug File System...
         Mounting Huge Pages File System...
         Starting File System Check on Root Device...
         Starting Create list of required st…ce nodes for the current kernel...
         Starting Journal Service...
         Starting Set the console keyboard layout...
         Starting Uncomplicated firewall...
         Starting Load Kernel Modules...
[[0;32m  OK  [0m] Listening on udev Kernel Socket.
         Starting udev Coldplug all Devices...
[[0;32m  OK  [0m] Reached target Mounting snaps.
[[0;32m  OK  [0m] Reached target Mounted snaps.
[[0;32m  OK  [0m] Reached target User and Group Name Lookups.
[[0;32m  OK  [0m] Set up automount Arbitrary Executab…rmats File System Automount Point.
[[0;32m  OK  [0m] Listening on Device-mapper event daemon FIFOs.
         Starting Monitoring of LVM2 mirrors…ng dmeventd or progress polling...
         Mounting POSIX Message Queue File System...
[[0;32m  OK  [0m] Listening on Network Service Netlink Socket.[   10.991165] Loading iSCSI transport class v2.0-870.

[[0;32m  OK  [0m] Reached target System Time Synchronized.
[[0;32m  OK  [0m] Started Journal Service.
[[0;32m  OK  [0m] Mounted Kernel Debug File System.
[[0;32m  OK  [0m] Mounted Huge Pages File System.
[[0;32m  OK  [0m] Started File System Check on Root Device.
[[0;32m  OK  [0m] Started Create list of required sta…vice nodes for the current kernel.
[[0;32m  OK  [0m] Started Uncomplicated firewall.
[[0;32m  OK  [0m] Mounted POSIX Message Queue File System.
[[0;32m  OK  [0m] Started LVM2 metadata daemon.
[[0;32m  OK  [0m] Started File System Check Daemon to report status.
         Starting Create Static Device Nodes in /dev...
         Starting Remount Root and Kernel File Systems...
[[0;32m  OK  [0m] Started udev Coldplug all Devices.
[[0;32m  OK  [0m] Started Create Static Device Nodes in /dev.
[   11.129017] iscsi: registered transport (tcp)
[   11.166870] EXT4-fs (sda1): re-mounted. Opts: (null)
[[0;32m  OK  [0m] Started Remount Root and Kernel File Systems.
         Starting Load/Save Random Seed...
         Starting udev Kernel Device Manager...
         Starting Flush Journal to Persistent Storage...
[[0;32m  OK  [0m] Started Monitoring of LVM2 mirrors,…sing dmeventd or progress polling.
[   11.231389] iscsi: registered transport (iser)
[[0;32m  OK  [0m] Started Load Kernel Modules.
[[0;32m  OK  [0m] Started Load/Save Random Seed.
         Mounting Kernel Configuration File System...
         Starting Apply Kernel Variables...
         Mounting FUSE Control File System...
[[0;32m  OK  [0m] Mounted Kernel Configuration File System.
[[0;32m  OK  [0m] Mounted FUSE Control File System.
[[0;32m  OK  [0m] Started udev Kernel Device Manager.
[   11.311704] systemd-journald[404]: Received request to flush runtime journal from PID 1
[[0;32m  OK  [0m] Started Apply Kernel Variables.
[[0;32m  OK  [0m] Started Flush Journal to Persistent Storage.
[[0;32m  OK  [0m] Found device /dev/ttyS0.
[[0;32m  OK  [0m] Listening on Load/Save RF Kill Switch Status /dev/rfkill Watch.
[[0;32m  OK  [0m] Started Set the console keyboard layout.
[[0;32m  OK  [0m] Started Dispatch Password Requests to Console Directory Watch.
[[0;32m  OK  [0m] Reached target Local Encrypted Volumes.
[[0;32m  OK  [0m] Reached target Local File Systems (Pre).
[[0;32m  OK  [0m] Reached target Local File Systems.
         Starting Set console font and keymap...
         Starting Tell Plymouth To Write Out Runtime Data...
         Starting Commit a transient machine-id on disk...
         Starting AppArmor initialization...
         Starting Create Volatile Files and Directories...
         Starting ebtables ruleset management...
[[0;32m  OK  [0m] Started Tell Plymouth To Write Out Runtime Data.
[[0;32m  OK  [0m] Started Create Volatile Files and Directories.
         Starting Update UTMP about System Boot/Shutdown...
[[0;32m  OK  [0m] Started Update UTMP about System Boot/Shutdown.
[[0;32m  OK  [0m] Started Commit a transient machine-id on disk.
         Mounting Arbitrary Executable File Formats File System...
[[0;32m  OK  [0m] Mounted Arbitrary Executable File Formats File System.
[[0;32m  OK  [0m] Started ebtables ruleset management.
[[0;32m  OK  [0m] Started AppArmor initialization.
         Starting Load AppArmor profiles managed internally by snapd...
         Starting Initial cloud-init job (pre-networking)...
[[0;32m  OK  [0m] Started Load AppArmor profiles managed internally by snapd.
[[0;32m  OK  [0m] Started Set console font and keymap.
[   15.818673] cloud-init[760]: Cloud-init v. 23.1.2-0ubuntu0~18.04.1 running 'init-local' at Tue, 21 Nov 2023 17:15:50 +0000. Up 15.33 seconds.
[[0;32m  OK  [0m] Started Initial cloud-init job (pre-networking).
[[0;32m  OK  [0m] Reached target Network (Pre).
         Starting Network Service...
[[0;32m  OK  [0m] Started Network Service.
         Starting Wait for Network to be Configured...
         Starting Network Name Resolution...
[[0;32m  OK  [0m] Started Network Name Resolution.
[[0;32m  OK  [0m] Reached target Network.
[[0;32m  OK  [0m] Reached target Host and Network Name Lookups.
[[0;32m  OK  [0m] Started Wait for Network to be Configured.
         Starting Initial cloud-init job (metadata service crawler)...
[   18.530294] cloud-init[917]: Cloud-init v. 23.1.2-0ubuntu0~18.04.1 running 'init' at Tue, 21 Nov 2023 17:15:53 +0000. Up 18.35 seconds.
[   18.536203] cloud-init[917]: ci-info: ++++++++++++++++++++++++++++++++++++++Net device info++++++++++++++++++++++++++++++++++++++
[   18.541237] cloud-init[917]: ci-info: +--------+------+----------------------------+---------------+--------+-------------------+
[   18.545446] cloud-init[917]: ci-info: | Device |  Up  |          Address           |      Mask     | Scope  |     Hw-Address    |
[   18.549809] cloud-init[917]: ci-info: +--------+------+----------------------------+---------------+--------+-------------------+
[   18.554313] cloud-init[917]: ci-info: | enp0s3 | True |         10.0.2.15          | 255.255.255.0 | global | 02:3b:7b:b7:3b:2d |
[   18.558498] cloud-init[917]: ci-info: | enp0s3 | True | fe80::3b:7bff:feb7:3b2d/64 |       .       |  link  | 02:3b:7b:b7:3b:2d |
[   18.562800] cloud-init[917]: ci-info: |   lo   | True |         127.0.0.1          |   255.0.0.0   |  host  |         .         |
[   18.567152] cloud-init[917]: ci-info: |   lo   | True |          ::1/128           |       .       |  host  |         .         |
[   18.571332] cloud-init[917]: ci-info: +--------+------+----------------------------+---------------+--------+-------------------+
[   18.575845] cloud-init[917]: ci-info: ++++++++++++++++++++++++++++Route IPv4 info+++++++++++++++++++++++++++++
[   18.579327] cloud-init[917]: ci-info: +-------+-------------+----------+-----------------+-----------+-------+
[   18.583019] cloud-init[917]: ci-info: | Route | Destination | Gateway  |     Genmask     | Interface | Flags |
[   18.587187] cloud-init[917]: ci-info: +-------+-------------+----------+-----------------+-----------+-------+
[   18.590902] cloud-init[917]: ci-info: |   0   |   0.0.0.0   | 10.0.2.2 |     0.0.0.0     |   enp0s3  |   UG  |
[   18.594742] cloud-init[917]: ci-info: |   1   |   10.0.2.0  | 0.0.0.0  |  255.255.255.0  |   enp0s3  |   U   |
[   18.598548] cloud-init[917]: ci-info: |   2   |   10.0.2.2  | 0.0.0.0  | 255.255.255.255 |   enp0s3  |   UH  |
[   18.602344] cloud-init[917]: ci-info: +-------+-------------+----------+-----------------+-----------+-------+
[   18.606156] cloud-init[917]: ci-info: +++++++++++++++++++Route IPv6 info+++++++++++++++++++
[   18.609259] cloud-init[917]: ci-info: +-------+-------------+---------+-----------+-------+
[   18.612651] cloud-init[917]: ci-info: | Route | Destination | Gateway | Interface | Flags |
[   18.615607] cloud-init[917]: ci-info: +-------+-------------+---------+-----------+-------+
[   18.618851] cloud-init[917]: ci-info: |   1   |  fe80::/64  |    ::   |   enp0s3  |   U   |
[   18.622008] cloud-init[917]: ci-info: |   3   |    local    |    ::   |   enp0s3  |   U   |
[   18.625111] cloud-init[917]: ci-info: |   4   |   ff00::/8  |    ::   |   enp0s3  |   U   |
[   18.628415] cloud-init[917]: ci-info: +-------+-------------+---------+-----------+-------+
[   19.841401] cloud-init[917]: Generating public/private rsa key pair.
[   19.846258] cloud-init[917]: Your identification has been saved in /etc/ssh/ssh_host_rsa_key.
[   19.852130] cloud-init[917]: Your public key has been saved in /etc/ssh/ssh_host_rsa_key.pub.
[   19.856789] cloud-init[917]: The key fingerprint is:
[   19.860637] cloud-init[917]: SHA256:3Cg7ndRsqyhgVmoIw4RKIkC/YelaH/TkQCJaGSHjbYU root@ubuntu-bionic
[   19.866634] cloud-init[917]: The key's randomart image is:
[   19.870442] cloud-init[917]: +---[RSA 2048]----+
[   19.875449] cloud-init[917]: |Bo+=.o           |
[   19.881331] cloud-init[917]: |**=E=            |
[   19.886723] cloud-init[917]: |O. B o .         |
[   19.892130] cloud-init[917]: |+.+ = =. =       |
[   19.897759] cloud-init[917]: |.o * ..oS =      |[[0;32m  OK  [0m] Started Initial cloud-init job (metadata service crawler).
[[0;32m  OK  [0m] Reached target Network is Online.

         Starting Availability of block devices...
[[0;32m  OK  [0m] Reached target Remote File Systems (Pre).
[[0;32m  OK  [0m] Reached target Remote File Systems.
[[0;32m  OK  [0m] Reached target System Initialization.
[[0;32m  OK  [0m] Started Daily apt download activities.
[[0;32m  OK  [0m] Started Daily Cleanup of Temporary Directories.
[[0;32m  OK  [0m] Started Ubuntu Advantage Timer for running repeated jobs.
[[0;32m  OK  [0m] Listening on UUID daemon activation socket.
[[0;32m  OK  [0m] Listening on D-Bus System Message Bus Socket.
[[0;32m  OK  [0m] Started ACPI Events Check.
[[0;32m  OK  [0m] Reached target Paths.
[[0;32m  OK  [0m] Started Discard unused blocks once a week.
[[0;32m  OK  [0m] Listening on cloud-init hotplug hook socket.
[[0;32m  OK  [0m] Listening on Open-iSCSI iscsid Socket.
[[0;32m  OK  [0m] Started Daily apt upgrade and clean activities.
[   19.926755] cloud-init[917]: |. O . .= o .     |
[   19.940076] cloud-init[917]: | = . .o o .      |
[   19.941834] cloud-init[917]: |    .  o .       |
[   19.943327] cloud-init[917]: |     .. .        |
         Starting LXD - unix socket.
         Starting Socket activation for snappy daemon.
[[0;32m  OK  [0m] Started Message of the Day.
[[   19.947551] cloud-init[917]: +----[SHA256]-----+
[   19.956554] cloud-init[917]: Generating public/private dsa key pair.
[   19.956953] cloud-init[917]: Your identification has been saved in /etc/ssh/ssh_host_dsa_key.
[   19.957274] cloud-init[917]: Your public key has been saved in /etc/ssh/ssh_host_dsa_key.pub.
[   19.957588] cloud-init[917]: The key fingerprint is:
[   19.957907] cloud-init[917]: SHA256:7u3FFLYauZrYHBAxJLR7e6EKQ/ZTW1lqB++7Q0unYZM root@ubuntu-bionic
[   19.958225] cloud-init[917]: The key's randomart image is:
[   19.958563] cloud-init[917]: +---[DSA 1024]----+
[   19.958892] cloud-init[917]: |   .o.+          |
[   19.959224] cloud-init[917]: |     o o         |
[   19.959571] cloud-init[917]: |    . . . . o    |
[   19.959986] cloud-init[917]: |     . . * o o   |
[   19.960232] cloud-init[917]: |  o . + S =.o    |
[   19.960566] cloud-init[917]: | o . o O +E*.    |
[   19.960939] cloud-init[917]: |  o o + +++*o    |
[   19.961299] cloud-init[917]: |   o o * =+o     |
[   19.961642] cloud-init[917]: |    . . *.=o     |
[   19.961975] cloud-init[917]: +----[SHA256]-----+
[   19.962018] cloud-init[917]: Generating public/private ecdsa key pair.
[   19.962064] cloud-init[917]: Your identification has been saved in /etc/ssh/ssh_host_ecdsa_key.
[   19.962111] cloud-init[917]: Your public key has been saved in /etc/ssh/ssh_host_ecdsa_key.pub.
[   19.962162] cloud-init[917]: The key fingerprint is:
[   19.962523] cloud-init[917]: SHA256:uJrkfLqaeWGsOFMnJLmQvGjKjc6oxb3dgbwNc/eGliQ root@ubuntu-bionic
[   19.962847] cloud-init[917]: The key's randomart image is:
[   19.963153] cloud-init[917]: +---[ECDSA 256]---+
[   19.963478] cloud-init[917]: |                 |
[   19.963841] cloud-init[917]: |                 |
[   19.968615] cloud-init[917]: |.o               |
[   19.969002] cloud-init[917]: |=..    .         |
[   19.969373] cloud-init[917]: |o+..  . S        |
[   19.969402] cloud-init[917]: |o+o.=. oE .      |
[   19.969428] cloud-init[917]: |+o==o.* oo.o     |
[   19.969451] cloud-init[917]: |B+.B.=.B o+..    |
[   19.969497] cloud-init[917]: |==+oO+o o. ..    |
[   19.969536] cloud-init[917]: +----[SHA256]-----+
[   19.969562] cloud-init[917]: Generating public/private ed25519 key pair.
[   19.969585] cloud-init[917]: Your identification has been saved in /etc/ssh/ssh_host_ed25519_key.
[   19.969610] cloud-init[917]: Your public key has been saved in /etc/ssh/ssh_host_ed25519_key.pub.
[   19.970075] cloud-init[917]: The key fingerprint is:
[   19.970549] cloud-init[917]: SHA256:zknwWvtpDe1ONmiU7tTEK2nKryvORZus8BBEZh9E4GU root@ubuntu-bionic
[   19.970970] cloud-init[917]: The key's randomart image is:
[   19.971373] cloud-init[917]: +--[ED25519 256]--+
[   19.971766] cloud-init[917]: |    =+E          |
[   19.972643] cloud-init[917]: |   = + .         |
[   19.973015] cloud-init[917]: |    o o          |
[   19.973428] cloud-init[917]: |   .   o   o     |
[   19.973844] cloud-init[917]: |    .   S o.o    |
[   19.974225] cloud-init[917]: |     . O B.=..   |
[   19.974639] cloud-init[917]: |    o . X O+*    |
[   19.975020] cloud-init[917]: |     =.+ B.=o.   |
[   19.975657] cloud-init[917]: |     .=.===..    |
[   19.975859] cloud-init[917]: +----[SHA256]-----+
[0;32m  OK  [0m] Reached target Timers.
[[0;32m  OK  [0m] Listening on ACPID Listen Socket.
[[0;32m  OK  [0m] Reached target Cloud-config availability.
[[0;32m  OK  [0m] Started Availability of block devices.
[[0;32m  OK  [0m] Listening on LXD - unix socket.
[[0;32m  OK  [0m] Listening on Socket activation for snappy daemon.
[[0;32m  OK  [0m] Reached target Sockets.
[[0;32m  OK  [0m] Reached target Basic System.
         Starting LSB: automatic crash report generation...
[[0;32m  OK  [0m] Started Regular background program processing daemon.
[[0;32m  OK  [0m] Started D-Bus System Message Bus.
         Starting Pollinate to seed the pseudo random number generator...
         Starting LSB: Record successful boot for GRUB...
         Starting Login Service...
         Starting Dispatcher daemon for systemd-networkd...
         Starting Accounts Service...
         Starting Permit User Sessions...
         Starting Snap Daemon...
[[0;32m  OK  [0m] Reached target Login Prompts (Pre).
[[0;32m  OK  [0m] Started FUSE filesystem for LXC.
[[0;32m  OK  [0m] Started irqbalance daemon.
[[0;32m  OK  [0m] Started Deferred execution scheduler.
         Starting Virtualbox guest utils...
         Starting System Logging Service...
         Starting LXD - container startup/shutdown...
[[0;32m  OK  [0m] Started Permit User Sessions.
[[0;32m  OK  [0m] Started Login Service.
[[0;32m  OK  [0m] Started System Logging Service.
         Starting Authorization Manager...
[[0;32m  OK  [0m] Started Unattended Upgrades Shutdown.
         Starting Terminate Plymouth Boot Screen...
         Starting Hold until boot process finishes up...
[[0;32m  OK  [0m] Started Hold until boot process finishes up.
[[0;32m  OK  [0m] Started Serial Getty on ttyS0.
         Starting Set console scheme...
[[0;32m  OK  [0m] Started LSB: automatic crash report generation.
[[0;32m  OK  [0m] Started Terminate Plymouth Boot Screen.
[[0;32m  OK  [0m] Started Set console scheme.
[[0;32m  OK  [0m] Created slice system-getty.slice.
[[0;32m  OK  [0m] Started Getty on tty1.
[[0;32m  OK  [0m] Reached target Login Prompts.
[[0;32m  OK  [0m] Started LSB: Record successful boot for GRUB.
[[0;32m  OK  [0m] Started Authorization Manager.
[[0;32m  OK  [0m] Started Accounts Service.
[[0;32m  OK  [0m] Started LXD - container startup/shutdown.
[[0;32m  OK  [0m] Started Dispatcher daemon for systemd-networkd.
[[0;32m  OK  [0m] Started Virtualbox guest utils.
[[0;32m  OK  [0m] Started Snap Daemon.
         Starting Wait until snapd is fully seeded...
         Starting Time & Date Service...
[[0;32m  OK  [0m] Started Pollinate to seed the pseudo random number generator.
         Starting OpenBSD Secure Shell server...
[[0;32m  OK  [0m] Started Time & Date Service.
[[0;32m  OK  [0m] Started OpenBSD Secure Shell server.
[[0;32m  OK  [0m] Created slice User Slice of vagrant.
         Starting User Manager for UID 1000...
[[0;32m  OK  [0m] Started Session 1 of user vagrant.
[[0;32m  OK  [0m] Started User Manager for UID 1000.
[[0;32m  OK  [0m] Started Wait until snapd is fully seeded.
         Starting Apply the settings specified in cloud-config...
[   26.608528] cloud-init[1557]: Cloud-init v. 23.1.2-0ubuntu0~18.04.1 running 'modules:config' at Tue, 21 Nov 2023 17:16:01 +0000. Up 26.01 seconds.

Ubuntu 18.04.6 LTS ubuntu-bionic ttyS0

ubuntu-bionic login: ci-info: no authorized SSH keys fingerprints found for user ubuntu.
<14>Nov 21 17:16:02 cloud-init: #############################################################
<14>Nov 21 17:16:02 cloud-init: -----BEGIN SSH HOST KEY FINGERPRINTS-----
<14>Nov 21 17:16:02 cloud-init: 1024 SHA256:7u3FFLYauZrYHBAxJLR7e6EKQ/ZTW1lqB++7Q0unYZM root@ubuntu-bionic (DSA)
<14>Nov 21 17:16:02 cloud-init: 256 SHA256:uJrkfLqaeWGsOFMnJLmQvGjKjc6oxb3dgbwNc/eGliQ root@ubuntu-bionic (ECDSA)
<14>Nov 21 17:16:02 cloud-init: 256 SHA256:zknwWvtpDe1ONmiU7tTEK2nKryvORZus8BBEZh9E4GU root@ubuntu-bionic (ED25519)
<14>Nov 21 17:16:02 cloud-init: 2048 SHA256:3Cg7ndRsqyhgVmoIw4RKIkC/YelaH/TkQCJaGSHjbYU root@ubuntu-bionic (RSA)
<14>Nov 21 17:16:02 cloud-init: -----END SSH HOST KEY FINGERPRINTS-----
<14>Nov 21 17:16:02 cloud-init: #############################################################
-----BEGIN SSH HOST KEY KEYS-----
ecdsa-sha2-nistp256 AAAAE2VjZHNhLXNoYTItbmlzdHAyNTYAAAAIbmlzdHAyNTYAAABBBHlNPpxHpypZSmdNg33uwTbH+19NuljBWsrhw9jsD43ObwzrDu9O+iMQ6x1EQtJTLEU7imT9G+KMWl96FPitEgs= root@ubuntu-bionic
ssh-ed25519 AAAAC3NzaC1lZDI1NTE5AAAAIAB0942gA6S8Pr0FLuJLYwQuAYXBkdTGgj91jXDyXTto root@ubuntu-bionic
ssh-rsa AAAAB3NzaC1yc2EAAAADAQABAAABAQC3ghUhyqzUl0VG9wyQUHbp/5hjz5z9FgRCS6F3W5+clFxagwss2IdLWnktvgDfmebbheOReRoIXRmbM0wlB8FNNrhx9kJ0hmWfhCVuK4fArv1ZpFhmpH4WnId3ajiHa42B3rZXENm3VOq8yuKu9y5eCrGpXw8/9EbMEHJy1TDGxrUX4AfETLMTFFm//7WqFreSXFAgh9OY7fu64o/I5kLJD5icTe38C5osqxy8KQZUOOvB4wb0PUFqMyPv9TRiijGSzZFZj91BSE7EYsGWopFsC/XYk9heVYPjEdnIrE9ZY6iAPkBpIrKmEkO2OI9JauyL7Ue+F1fnfhb0BqnqvPoL root@ubuntu-bionic
-----END SSH HOST KEY KEYS-----
[   27.548975] cloud-init[1734]: Cloud-init v. 23.1.2-0ubuntu0~18.04.1 running 'modules:final' at Tue, 21 Nov 2023 17:16:02 +0000. Up 27.27 seconds.
[   27.549114] cloud-init[1734]: Cloud-init v. 23.1.2-0ubuntu0~18.04.1 finished at Tue, 21 Nov 2023 17:16:03 +0000. Datasource DataSourceNoCloud [seed=/dev/sdb][dsmode=net].  Up 27.53 seconds
[17694.654027] INFO: rcu_sched self-detected stall on CPU
[17694.655525] INFO: rcu_sched self-detected stall on CPU
[17694.667708] 	1-...!: (1 GPs behind) idle=666/140000000000002/0 softirq=81690/81690 fqs=0 
[17694.704169] 	 (t=157718 jiffies g=30130 c=30129 q=59)
[17694.704252] 	0-...!: (1 ticks this GP) idle=42a/140000000000001/0 softirq=95190/95190 fqs=0 
[17694.719655] rcu_sched kthread starved for 157718 jiffies! g30130 c30129 f0x0 RCU_GP_WAIT_FQS(3) ->state=0x402 ->cpu=0
[17694.740214] 	 (t=157718 jiffies g=30130 c=30129 q=59)
[17694.775037] rcu_sched kthread starved for 157718 jiffies! g30130 c30129 f0x0 RCU_GP_WAIT_FQS(3) ->state=0x402 ->cpu=0
[17694.801186] INFO: rcu_sched self-detected stall on CPU
[17694.803974] INFO: rcu_sched detected stalls on CPUs/tasks:
[17694.813582] 	1-...!: (1 GPs behind) idle=666/140000000000002/0 softirq=81690/81690 fqs=1 
[17694.849005] 	 (t=707511 jiffies g=30130 c=30129 q=59)
[17694.849034] 	1-...!: (1 GPs behind) idle=666/140000000000002/0 softirq=81690/81690 fqs=1 
[17694.878141] 	(detected by 0, t=707511 jiffies, g=30130, c=30129, q=59)
[32053.750445] INFO: rcu_sched self-detected stall on CPU
[32053.758027] 	0-...!: (1 GPs behind) idle=3f2/140000000000001/0 softirq=426862/426864 fqs=0 
[32053.768091] INFO: rcu_sched self-detected stall on CPU
[32053.769500] 	 (t=60527 jiffies g=168483 c=168482 q=82)
[32053.779363] 	1-...!: (1 ticks this GP) idle=c46/1/0 softirq=353360/353360 fqs=0 
[32053.786085] rcu_sched kthread starved for 60527 jiffies! g168483 c168482 f0x0 RCU_GP_WAIT_FQS(3) ->state=0x402 ->cpu=1
[32053.795356] 	 (t=60527 jiffies g=168483 c=168482 q=82)
[32053.816298] rcu_sched kthread starved for 60527 jiffies! g168483 c168482 f0x0 RCU_GP_WAIT_FQS(3) ->state=0x402 ->cpu=1
[32330.856997] INFO: rcu_sched self-detected stall on CPU
[32330.857391] INFO: rcu_sched self-detected stall on CPU
[32330.863312] 	0-...!: (1 GPs behind) idle=e3e/1/0 softirq=438226/438227 fqs=0 
[32330.878143] 	 (t=17271 jiffies g=180647 c=180646 q=2)
[32330.878578] 	1-...!: (1 ticks this GP) idle=736/140000000000002/0 softirq=368068/368068 fqs=0 
[32330.884120] rcu_sched kthread starved for 17271 jiffies! g180647 c180646 f0x0 RCU_GP_WAIT_FQS(3) ->state=0x402 ->cpu=1
[32330.893556] 	 (t=17271 jiffies g=180647 c=180646 q=2)
[32330.910613] rcu_sched kthread starved for 17271 jiffies! g180647 c180646 f0x0 RCU_GP_WAIT_FQS(3) ->state=0x402 ->cpu=1
[34306.767549] INFO: rcu_sched self-detected stall on CPU
[34306.767621] INFO: rcu_sched self-detected stall on CPU
[34306.780179] 	1-...!: (1 ticks this GP) idle=ec6/140000000000001/0 softirq=476145/476145 fqs=0 
[34306.810852] 	 (t=53521 jiffies g=279905 c=279904 q=125)
[34306.810925] 	0-...!: (1 GPs behind) idle=356/140000000000001/0 softirq=538759/538760 fqs=0 
[34306.822944] rcu_sched kthread starved for 53521 jiffies! g279905 c279904 f0x0 RCU_GP_WAIT_FQS(3) ->state=0x402 ->cpu=1
[34306.841717] 	 (t=53521 jiffies g=279905 c=279904 q=125)
[34306.877821] rcu_sched kthread starved for 53521 jiffies! g279905 c279904 f0x0 RCU_GP_WAIT_FQS(3) ->state=0x402 ->cpu=1
[34835.977809] INFO: rcu_sched self-detected stall on CPU
[34835.980457] INFO: rcu_sched self-detected stall on CPU
[34835.985402] 	1-...!: (1 ticks this GP) idle=f1a/140000000000001/0 softirq=520478/520478 fqs=0 
[34836.002575] 	 (t=42065 jiffies g=310002 c=310001 q=90)
[34836.002614] 	0-...!: (1 ticks this GP) idle=c36/1/0 softirq=585569/585569 fqs=0 
[34836.010233] rcu_sched kthread starved for 42065 jiffies! g310002 c310001 f0x0 RCU_GP_WAIT_FQS(3) ->state=0x402 ->cpu=1
[34836.019553] 	 (t=42065 jiffies g=310002 c=310001 q=90)
[34836.039018] rcu_sched kthread starved for 42065 jiffies! g310002 c310001 f0x0 RCU_GP_WAIT_FQS(3) ->state=0x402 ->cpu=1
